<?xml version="1.0" encoding="UTF-8"?>
<!-- Generated by org.testng.reporters.JUnitXMLReporter -->
<testsuite ignored="0" hostname="DESKTOP-2TG1OO9" failures="0" tests="3" name="Test" time="33.939" errors="0" timestamp="2023-07-31T15:10:35 IST">
  <testcase classname="eCommerce1.Ajio" name="ajioTest" time="12.854"/>
  <testcase classname="eCommerce1.Amazon" name="amazonTest" time="11.724"/>
  <testcase classname="eCommerce1.Flipkart" name="flipcartTest" time="9.315"/>
</testsuite> <!-- Test -->
