<?xml version="1.0" encoding="UTF-8"?>
<testng-results ignored="0" total="3" passed="3" failed="0" skipped="0">
  <reporter-output>
  </reporter-output>
  <suite started-at="2023-07-31T15:10:01 IST" name="Suite" finished-at="2023-07-31T15:10:35 IST" duration-ms="33939">
    <groups>
    </groups>
    <test started-at="2023-07-31T15:10:01 IST" name="Test" finished-at="2023-07-31T15:10:35 IST" duration-ms="33939">
      <class name="eCommerce1.Flipkart">
        <test-method signature="flipcartTest()[pri:0, instance:eCommerce1.Flipkart@35cabb2a]" started-at="2023-07-31T15:10:26 IST" name="flipcartTest" finished-at="2023-07-31T15:10:35 IST" duration-ms="9315" status="PASS">
          <reporter-output>
          </reporter-output>
        </test-method> <!-- flipcartTest -->
      </class> <!-- eCommerce1.Flipkart -->
      <class name="eCommerce1.Amazon">
        <test-method signature="amazonTest()[pri:0, instance:eCommerce1.Amazon@3a93b025]" started-at="2023-07-31T15:10:14 IST" name="amazonTest" finished-at="2023-07-31T15:10:26 IST" duration-ms="11724" status="PASS">
          <reporter-output>
          </reporter-output>
        </test-method> <!-- amazonTest -->
      </class> <!-- eCommerce1.Amazon -->
      <class name="eCommerce1.Ajio">
        <test-method signature="ajioTest()[pri:0, instance:eCommerce1.Ajio@222545dc]" started-at="2023-07-31T15:10:01 IST" name="ajioTest" finished-at="2023-07-31T15:10:14 IST" duration-ms="12854" status="PASS">
          <reporter-output>
          </reporter-output>
        </test-method> <!-- ajioTest -->
      </class> <!-- eCommerce1.Ajio -->
    </test> <!-- Test -->
  </suite> <!-- Suite -->
</testng-results>
